[24-Sep-2020 16:51:54 America/Sao_Paulo] PHP Notice:  Undefined index: status in /Applications/mampstack-7.2.15-0/apache2/htdocs/app-starter/api/teste-api.php on line 17
[24-Sep-2020 17:09:31 America/Sao_Paulo] PHP Notice:  Undefined index: loginUsuario in /Applications/mampstack-7.2.15-0/apache2/htdocs/app-starter/api/login.php on line 13
[24-Sep-2020 17:09:31 America/Sao_Paulo] PHP Notice:  Undefined index: loginSenha in /Applications/mampstack-7.2.15-0/apache2/htdocs/app-starter/api/login.php on line 14
[24-Sep-2020 17:10:07 America/Sao_Paulo] PHP Notice:  Undefined index: loginUsuario in /Applications/mampstack-7.2.15-0/apache2/htdocs/app-starter/api/login.php on line 13
[24-Sep-2020 17:10:07 America/Sao_Paulo] PHP Notice:  Undefined index: loginSenha in /Applications/mampstack-7.2.15-0/apache2/htdocs/app-starter/api/login.php on line 14
[24-Sep-2020 17:12:33 America/Sao_Paulo] PHP Notice:  Undefined index: loginUsuario in /Applications/mampstack-7.2.15-0/apache2/htdocs/app-starter/api/login.php on line 13
[24-Sep-2020 17:12:33 America/Sao_Paulo] PHP Notice:  Undefined index: loginSenha in /Applications/mampstack-7.2.15-0/apache2/htdocs/app-starter/api/login.php on line 14
[24-Sep-2020 17:12:33 America/Sao_Paulo] PHP Notice:  Undefined offset: 0 in /Applications/mampstack-7.2.15-0/apache2/htdocs/app-starter/api/login.php on line 23
[24-Sep-2020 17:13:23 America/Sao_Paulo] PHP Notice:  Undefined offset: 0 in /Applications/mampstack-7.2.15-0/apache2/htdocs/app-starter/api/login.php on line 23
[24-Sep-2020 17:13:33 America/Sao_Paulo] PHP Notice:  Undefined index: pais in /Applications/mampstack-7.2.15-0/apache2/htdocs/app-starter/api/login.php on line 38
[24-Sep-2020 17:13:33 America/Sao_Paulo] PHP Notice:  Undefined index: status in /Applications/mampstack-7.2.15-0/apache2/htdocs/app-starter/api/login.php on line 39
[24-Sep-2020 17:14:58 America/Sao_Paulo] PHP Notice:  Undefined index: pais in /Applications/mampstack-7.2.15-0/apache2/htdocs/app-starter/api/login.php on line 38
[24-Sep-2020 17:14:58 America/Sao_Paulo] PHP Notice:  Undefined index: status in /Applications/mampstack-7.2.15-0/apache2/htdocs/app-starter/api/login.php on line 39
[04-Oct-2020 18:11:04 America/Sao_Paulo] PHP Notice:  Undefined offset: 0 in /Applications/mampstack-7.2.15-0/apache2/htdocs/app-starter/api/login.php on line 27
[04-Oct-2020 18:31:40 America/Sao_Paulo] PHP Notice:  Undefined variable: resetEmail in /Applications/mampstack-7.2.15-0/apache2/htdocs/app-starter/api/cadastro.php on line 50
[06-Oct-2020 09:06:46 America/Sao_Paulo] PHP Notice:  Undefined offset: 0 in /Applications/mampstack-7.2.15-0/apache2/htdocs/app-starter/api/login.php on line 27
[06-Oct-2020 10:05:28 America/Sao_Paulo] PHP Notice:  Undefined variable: dados in /Applications/mampstack-7.2.15-0/apache2/htdocs/app-starter/api/v1-imagens-upload.php on line 95
[06-Oct-2020 10:10:34 America/Sao_Paulo] PHP Notice:  Undefined variable: a in /Applications/mampstack-7.2.15-0/apache2/htdocs/app-starter/api/v1-imagens-upload.php on line 63
[06-Oct-2020 10:10:34 America/Sao_Paulo] PHP Notice:  Undefined variable: a in /Applications/mampstack-7.2.15-0/apache2/htdocs/app-starter/api/v1-imagens-upload.php on line 63
[06-Oct-2020 10:10:34 America/Sao_Paulo] PHP Notice:  Undefined variable: erro in /Applications/mampstack-7.2.15-0/apache2/htdocs/app-starter/api/v1-imagens-upload.php on line 89
